Build started 1/17/2016 2:27:35 PM.
     1>Project "C:\projects\coding\CppTest\Multithreading\Multithreading.vcxproj" on node 2 (Build target(s)).
     1>ClCompile:
         C:\Program Files (x86)\Microsoft Visual Studio 11.0\VC\bin\CL.exe /c /ZI /nologo /W3 /WX- /sdl /Od /Oy- /D _MBCS /Gm /EHsc /RTC1 /MDd /GS /fp:precise /Zc:wchar_t /Zc:forScope /Fo"Debug\\" /Fd"Debug\vc110.pdb" /Gd /TP /analyze- /errorReport:prompt main.cpp
         main.cpp
     1>c:\projects\coding\cpptest\multithreading\main.cpp(32): error C2143: syntax error : missing ';' before '<<'
     1>Done Building Project "C:\projects\coding\CppTest\Multithreading\Multithreading.vcxproj" (Build target(s)) -- FAILED.

Build FAILED.

Time Elapsed 00:00:00.82
